<?xml version="1.0" encoding="UTF-8"?>
<testng-results total="2" passed="2" failed="0" skipped="0">
  <reporter-output>
  </reporter-output>
  <suite started-at="2022-03-16T05:04:44Z" name="Default suite" finished-at="2022-03-16T05:04:55Z" duration-ms="11173">
    <groups>
    </groups>
    <test started-at="2022-03-16T05:04:44Z" name="Default test" finished-at="2022-03-16T05:04:55Z" duration-ms="11173">
      <class name="RestTesting.Ecommerce">
        <test-method signature="signup()[pri:0, instance:RestTesting.Ecommerce@75d2da2d]" started-at="2022-03-16T10:34:44Z" name="signup" finished-at="2022-03-16T10:34:51Z" duration-ms="7191" status="PASS">
          <reporter-output>
          </reporter-output>
        </test-method> <!-- signup -->
        <test-method signature="Login()[pri:1, instance:RestTesting.Ecommerce@75d2da2d]" started-at="2022-03-16T10:34:51Z" name="Login" finished-at="2022-03-16T10:34:55Z" duration-ms="3951" status="PASS">
          <reporter-output>
          </reporter-output>
        </test-method> <!-- Login -->
      </class> <!-- RestTesting.Ecommerce -->
    </test> <!-- Default test -->
  </suite> <!-- Default suite -->
</testng-results>
